<?xml version="1.0" encoding="UTF-8"?>
<testng-results skipped="0" failed="0" ignored="0" total="1" passed="1">
  <reporter-output>
  </reporter-output>
  <suite name="Default suite" duration-ms="9531" started-at="2023-01-07T06:24:50Z" finished-at="2023-01-07T06:24:59Z">
    <groups>
    </groups>
    <test name="Default test" duration-ms="9531" started-at="2023-01-07T06:24:50Z" finished-at="2023-01-07T06:24:59Z">
      <class name="Airindia.BaseClass2">
        <test-method status="PASS" signature="login()[pri:0, instance:Airindia.BaseClass2@6fc6f14e]" name="login" duration-ms="9467" started-at="2023-01-07T06:24:50Z" finished-at="2023-01-07T06:24:59Z">
          <reporter-output>
          </reporter-output>
        </test-method> <!-- login -->
      </class> <!-- Airindia.BaseClass2 -->
    </test> <!-- Default test -->
  </suite> <!-- Default suite -->
</testng-results>
